<?xml version="1.0" encoding="UTF-8"?>
<!-- Generated by org.testng.reporters.JUnitReportReporter -->
<testsuite hostname="DESKTOP-RTFTH45" failures="0" tests="2" name="UI_TestNG.Login_SuiteTest" time="0.006" errors="0" timestamp="2024-06-09T09:31:22 BST" skipped="0">
  <testcase classname="UI_TestNG.Login_SuiteTest" name="bloginTest" time="0.005"/>
  <testcase classname="UI_TestNG.Login_SuiteTest" name="alogoutTest" time="0.001"/>
</testsuite> <!-- UI_TestNG.Login_SuiteTest -->
