<?xml version="1.0" encoding="UTF-8"?>
<!-- Generated by org.testng.reporters.JUnitReportReporter -->
<testsuite hostname="DESKTOP-RTFTH45" failures="0" tests="5" name="UI_TestNG.DataProviderTestReal" time="17.712" errors="0" timestamp="2024-06-08T13:09:27 BST" skipped="0">
  <testcase classname="UI_TestNG.DataProviderTestReal" name="test" time="1.224"/>
  <testcase classname="UI_TestNG.DataProviderTestReal" name="test" time="1.318"/>
  <testcase classname="UI_TestNG.DataProviderTestReal" name="test" time="2.630"/>
  <testcase classname="UI_TestNG.DataProviderTestReal" name="test" time="6.273"/>
  <testcase classname="UI_TestNG.DataProviderTestReal" name="test" time="6.267"/>
</testsuite> <!-- UI_TestNG.DataProviderTestReal -->
