<?xml version="1.0" encoding="UTF-8"?>
<!-- Generated by org.testng.reporters.JUnitReportReporter -->
<testsuite hostname="DESKTOP-RTFTH45" failures="0" tests="1" name="UI_TestNG.LoginTest_Parameter" time="4.253" errors="0" timestamp="2024-06-09T09:46:05 BST" skipped="0">
  <testcase classname="UI_TestNG.LoginTest_Parameter" name="launchApplication" time="4.253"/>
</testsuite> <!-- UI_TestNG.LoginTest_Parameter -->
