<?xml version="1.0" encoding="UTF-8"?>
<!-- Generated by org.testng.reporters.JUnitReportReporter -->
<testsuite hostname="DESKTOP-RTFTH45" failures="0" tests="2" name="UI_TestNG.TestNGAnnotations" time="0.002" errors="0" timestamp="2024-06-09T09:43:18 BST" skipped="0">
  <testcase classname="UI_TestNG.TestNGAnnotations" name="bTest1" time="0.001"/>
  <testcase classname="UI_TestNG.TestNGAnnotations" name="aTest2" time="0.001"/>
</testsuite> <!-- UI_TestNG.TestNGAnnotations -->
