<?xml version="1.0" encoding="UTF-8"?>
<!-- Generated by org.testng.reporters.JUnitReportReporter -->
<testsuite hostname="DESKTOP-RTFTH45" failures="0" tests="1" name="UI_TestNG.HowToUseAssertion" time="3.295" errors="0" timestamp="2024-06-09T09:43:18 BST" skipped="0">
  <testcase classname="UI_TestNG.HowToUseAssertion" name="titleTest" time="3.295"/>
</testsuite> <!-- UI_TestNG.HowToUseAssertion -->
