<?xml version="1.0" encoding="UTF-8"?>
<!-- Generated by org.testng.reporters.JUnitReportReporter -->
<testsuite hostname="DESKTOP-RTFTH45" failures="0" tests="2" name="UI_TestNG.HowToUseAssertion" time="6.473" errors="0" timestamp="2024-06-01T13:46:50 BST" skipped="0">
  <testcase classname="UI_TestNG.HowToUseAssertion" name="titleTest" time="2.554"/>
  <testcase classname="UI_TestNG.HowToUseAssertion" name="titleTest" time="3.919"/>
</testsuite> <!-- UI_TestNG.HowToUseAssertion -->
