<?xml version="1.0" encoding="UTF-8"?>
<!-- Generated by org.testng.reporters.JUnitReportReporter -->
<testsuite hostname="DESKTOP-RTFTH45" failures="0" tests="2" name="UI.LoginTest" time="0.006" errors="0" timestamp="2024-05-31T14:00:01 BST" skipped="0">
  <testcase classname="UI.LoginTest" name="bloginTest" time="0.006"/>
  <testcase classname="UI.LoginTest" name="alogoutTest" time="0.000"/>
</testsuite> <!-- UI.LoginTest -->
