<?xml version="1.0" encoding="UTF-8"?>
<!-- Generated by org.testng.reporters.JUnitReportReporter -->
<testsuite hostname="DESKTOP-RTFTH45" failures="0" tests="9" name="UI_TestNG.MoveTestNGDataProviderIntoDifferentFile" time="17.575" errors="0" timestamp="2024-06-08T14:59:25 BST" skipped="0">
  <testcase classname="UI_TestNG.MoveTestNGDataProviderIntoDifferentFile" name="test1" time="0.000"/>
  <testcase classname="UI_TestNG.MoveTestNGDataProviderIntoDifferentFile" name="test1" time="0.001"/>
  <testcase classname="UI_TestNG.MoveTestNGDataProviderIntoDifferentFile" name="test" time="6.304"/>
  <testcase classname="UI_TestNG.MoveTestNGDataProviderIntoDifferentFile" name="test" time="1.210"/>
  <testcase classname="UI_TestNG.MoveTestNGDataProviderIntoDifferentFile" name="test1" time="0.001"/>
  <testcase classname="UI_TestNG.MoveTestNGDataProviderIntoDifferentFile" name="test1" time="0.001"/>
  <testcase classname="UI_TestNG.MoveTestNGDataProviderIntoDifferentFile" name="test" time="1.291"/>
  <testcase classname="UI_TestNG.MoveTestNGDataProviderIntoDifferentFile" name="test" time="2.479"/>
  <testcase classname="UI_TestNG.MoveTestNGDataProviderIntoDifferentFile" name="test" time="6.288"/>
</testsuite> <!-- UI_TestNG.MoveTestNGDataProviderIntoDifferentFile -->
