<?xml version="1.0" encoding="UTF-8"?>
<!-- Generated by org.testng.reporters.JUnitReportReporter -->
<testsuite hostname="DESKTOP-RTFTH45" failures="0" tests="2" name="UI_TestNG.TestNGAnnotations2" time="0.002" errors="0" timestamp="2024-06-01T15:50:58 BST" skipped="0">
  <testcase classname="UI_TestNG.TestNGAnnotations2" name="aTest3" time="0.001"/>
  <testcase classname="UI_TestNG.TestNGAnnotations2" name="bTest2" time="0.001"/>
</testsuite> <!-- UI_TestNG.TestNGAnnotations2 -->
