<?xml version="1.0" encoding="UTF-8"?>
<!-- Generated by org.testng.reporters.JUnitReportReporter -->
<testsuite hostname="DESKTOP-RTFTH45" failures="0" tests="7" name="UI_TestNG.HowToGroupTestCases" time="0.008" errors="0" timestamp="2024-06-01T13:46:50 BST" skipped="0">
  <testcase classname="UI_TestNG.HowToGroupTestCases" name="bTest4" time="0.001"/>
  <testcase classname="UI_TestNG.HowToGroupTestCases" name="bTest3" time="0.001"/>
  <testcase classname="UI_TestNG.HowToGroupTestCases" name="bTest3" time="0.002"/>
  <testcase classname="UI_TestNG.HowToGroupTestCases" name="aTest1" time="0.001"/>
  <testcase classname="UI_TestNG.HowToGroupTestCases" name="aTest1" time="0.000"/>
  <testcase classname="UI_TestNG.HowToGroupTestCases" name="bTest2" time="0.002"/>
  <testcase classname="UI_TestNG.HowToGroupTestCases" name="bTest2" time="0.001"/>
</testsuite> <!-- UI_TestNG.HowToGroupTestCases -->
