<?xml version="1.0" encoding="UTF-8"?>
<!-- Generated by org.testng.reporters.JUnitReportReporter -->
<testsuite hostname="DESKTOP-RTFTH45" failures="0" tests="2" name="UI.TestNGAnnotations" time="0.011" errors="0" timestamp="2024-05-31T16:10:09 BST" skipped="0">
  <testcase classname="UI.TestNGAnnotations" name="bTest1" time="0.008"/>
  <testcase classname="UI.TestNGAnnotations" name="aTest2" time="0.003"/>
</testsuite> <!-- UI.TestNGAnnotations -->
