<?xml version="1.0" encoding="UTF-8"?>
<!-- Generated by org.testng.reporters.JUnitReportReporter -->
<testsuite hostname="DESKTOP-RTFTH45" failures="0" tests="8" name="UI_TestNG.DataProviderTest" time="0.012" errors="0" timestamp="2024-06-08T12:42:52 BST" skipped="0">
  <testcase classname="UI_TestNG.DataProviderTest" name="test" time="0.001"/>
  <testcase classname="UI_TestNG.DataProviderTest" name="test" time="0.007"/>
  <testcase classname="UI_TestNG.DataProviderTest" name="test" time="0.000"/>
  <testcase classname="UI_TestNG.DataProviderTest" name="test" time="0.001"/>
  <testcase classname="UI_TestNG.DataProviderTest" name="test" time="0.000"/>
  <testcase classname="UI_TestNG.DataProviderTest" name="test" time="0.002"/>
  <testcase classname="UI_TestNG.DataProviderTest" name="test" time="0.000"/>
  <testcase classname="UI_TestNG.DataProviderTest" name="test" time="0.001"/>
</testsuite> <!-- UI_TestNG.DataProviderTest -->
