<?xml version="1.0" encoding="UTF-8"?>
<!-- Generated by org.testng.reporters.JUnitReportReporter -->
<testsuite hostname="DESKTOP-RTFTH45" failures="0" tests="8" name="UI_TestNG.MoveTestNGDataProviderIntoDifferentFile3" time="0.015" errors="0" timestamp="2024-06-08T18:53:11 BST" skipped="0">
  <testcase classname="UI_TestNG.MoveTestNGDataProviderIntoDifferentFile3" name="test2" time="0.001"/>
  <testcase classname="UI_TestNG.MoveTestNGDataProviderIntoDifferentFile3" name="test3" time="0.001"/>
  <testcase classname="UI_TestNG.MoveTestNGDataProviderIntoDifferentFile3" name="test3" time="0.002"/>
  <testcase classname="UI_TestNG.MoveTestNGDataProviderIntoDifferentFile3" name="test2" time="0.001"/>
  <testcase classname="UI_TestNG.MoveTestNGDataProviderIntoDifferentFile3" name="test2" time="0.001"/>
  <testcase classname="UI_TestNG.MoveTestNGDataProviderIntoDifferentFile3" name="test3" time="0.001"/>
  <testcase classname="UI_TestNG.MoveTestNGDataProviderIntoDifferentFile3" name="test3" time="0.001"/>
  <testcase classname="UI_TestNG.MoveTestNGDataProviderIntoDifferentFile3" name="test2" time="0.007"/>
</testsuite> <!-- UI_TestNG.MoveTestNGDataProviderIntoDifferentFile3 -->
