<?xml version="1.0" encoding="UTF-8"?>
<!-- Generated by org.testng.reporters.JUnitReportReporter -->
<testsuite hostname="DESKTOP-RTFTH45" failures="0" tests="4" name="UI_TestNG.HowToSkipTestCases" time="0.010" errors="0" timestamp="2024-06-01T14:21:36 BST" skipped="3">
  <testcase classname="UI_TestNG.HowToSkipTestCases" name="skipTest4" time="0.001"/>
  <testcase classname="UI_TestNG.HowToSkipTestCases" name="skipTest2" time="0.008">
    <skipped/>
  </testcase> <!-- skipTest2 -->
  <testcase classname="UI_TestNG.HowToSkipTestCases" name="skipTest3" time="0.001">
    <skipped/>
  </testcase> <!-- skipTest3 -->
  <testcase classname="UI_TestNG.HowToSkipTestCases" name="skipTest1">
    <skipped/>
  </testcase> <!-- skipTest1 -->
</testsuite> <!-- UI_TestNG.HowToSkipTestCases -->
